Frameworks to test: 1
Analyzer combinations to test: 255
Number of runOptions: 255


Run: 0
[35msilly[39m: runOptions.directory OK
[35msilly[39m: runOptions.entry OK
[35msilly[39m: runOptions.destination OK
[36mverbose[39m: Overwriting source todomvc/examples.lacunized/polymer
[35msilly[39m: runOptions.analyzer OK
[35msilly[39m: runOptions.olevel OK
[34mdebug[39m: runOptions verified
[34mdebug[39m: runOptions: {"analyzer":["static"],"entry":"index.html","destination":null,"logfile":"lacuna_static.log","timeout":null,"olevel":0,"force":true,"normalizeOnly":false,"assumeNormalization":true,"directory":"todomvc/examples.lacunized/polymer"}
[36mverbose[39m: Starting Lacuna
[35msilly[39m: [18] bower_components/todomvc-common/base.js
[35msilly[39m: [1] lacuna_cache/exported_5057xx.js
[35msilly[39m: [0] lacuna_cache/eventAttributes.js
[35msilly[39m: Analyzer[static] aliveFunctions: 14
[32minfo[39m: Analyzer[static] finished
{ static: true }
[36mverbose[39m: CallGraph creation completed
[32minfo[39m: Lacuna finished.
See results in: todomvc/examples.lacunized/polymer/lacuna_static.log


Run: 1
[35msilly[39m: runOptions.directory OK
[35msilly[39m: runOptions.entry OK
[35msilly[39m: runOptions.destination OK
[36mverbose[39m: Overwriting source todomvc/examples.lacunized/polymer
[35msilly[39m: runOptions.analyzer OK
[35msilly[39m: runOptions.olevel OK
[34mdebug[39m: runOptions verified
[34mdebug[39m: runOptions: {"analyzer":["static","nativecalls"],"entry":"index.html","destination":null,"logfile":"lacuna_staticnativecalls.log","timeout":null,"olevel":0,"force":true,"normalizeOnly":false,"assumeNormalization":true,"directory":"todomvc/examples.lacunized/polymer"}
[36mverbose[39m: Starting Lacuna
[35msilly[39m: [18] bower_components/todomvc-common/base.js
[35msilly[39m: [1] lacuna_cache/exported_5057xx.js
[35msilly[39m: [0] lacuna_cache/eventAttributes.js
[35msilly[39m: Analyzer[static] aliveFunctions: 14
[32minfo[39m: Analyzer[static] finished
{ static: true }
[35msilly[39m: Analyzer[nativecalls] aliveFunctions: 3
[32minfo[39m: Analyzer[nativecalls] finished
{ static: true, nativecalls: true }
[36mverbose[39m: CallGraph creation completed
[32minfo[39m: Lacuna finished.
See results in: todomvc/examples.lacunized/polymer/lacuna_staticnativecalls.log


Run: 2
[35msilly[39m: runOptions.directory OK
[35msilly[39m: runOptions.entry OK
[35msilly[39m: runOptions.destination OK
[36mverbose[39m: Overwriting source todomvc/examples.lacunized/polymer
[35msilly[39m: runOptions.analyzer OK
[35msilly[39m: runOptions.olevel OK
[34mdebug[39m: runOptions verified
[34mdebug[39m: runOptions: {"analyzer":["static","nativecalls","closure_compiler"],"entry":"index.html","destination":null,"logfile":"lacuna_staticnativecallsclosure_compiler.log","timeout":null,"olevel":0,"force":true,"normalizeOnly":false,"assumeNormalization":true,"directory":"todomvc/examples.lacunized/polymer"}
[36mverbose[39m: Starting Lacuna
[35msilly[39m: [18] bower_components/todomvc-common/base.js
[35msilly[39m: [1] lacuna_cache/exported_5057xx.js
[35msilly[39m: [0] lacuna_cache/eventAttributes.js
[35msilly[39m: Analyzer[static] aliveFunctions: 14
[32minfo[39m: Analyzer[static] finished
{ static: true }
[35msilly[39m: Analyzer[nativecalls] aliveFunctions: 3
[32minfo[39m: Analyzer[nativecalls] finished
{ static: true, nativecalls: true }
SyntaxError: Unexpected end of JSON input
    at JSON.parse (<anonymous>)
    at closureCompilerToLacunaFormatter (/Users/kishannirghin/Desktop/Scriptie.nosync/LacunaV2/analyzers/closure_compiler.js:86:25)
    at /Users/kishannirghin/Desktop/Scriptie.nosync/LacunaV2/analyzers/closure_compiler.js:71:25
    at exithandler (child_process.js:296:5)
    at ChildProcess.errorhandler (child_process.js:308:5)
    at ChildProcess.emit (events.js:182:13)
    at Process.ChildProcess._handle.onexit (internal/child_process.js:238:12)
    at onErrorNT (internal/child_process.js:407:16)
    at internalTickCallback (internal/process/next_tick.js:72:19)
    at process._tickCallback (internal/process/next_tick.js:47:5)
